0 silly input []
1 silly flags {
1 silly flags   _: [ 'bootstrap' ],
1 silly flags   'reject-cycles': false,
1 silly flags   rejectCycles: false,
1 silly flags   args: []
1 silly flags }
2 verbose rootPath /Users/ujwal/Desktop/tron-tools/tronbox
3 info version 2.11.0
4 silly existsSync /Users/ujwal/Desktop/tron-tools/tronbox/VERSION
5 info versioning independent
6 silly initialize attempt
7 silly npmConfig {
7 silly npmConfig   registry: undefined,
7 silly npmConfig   npmClient: 'yarn',
7 silly npmConfig   npmClientArgs: [ '--ignore-engines' ],
7 silly npmConfig   mutex: 'network:42424'
7 silly npmConfig }
8 silly initialize success
9 silly execute attempt
10 info Bootstrapping 18 packages
11 silly installInDirOriginalPackageJson /Users/ujwal/Desktop/tron-tools/tronbox
12 silly getExecOpts { cwd: '/Users/ujwal/Desktop/tron-tools/tronbox' }
13 silly installInDir [
13 silly installInDir   'yarn',
13 silly installInDir   [
13 silly installInDir     'install',
13 silly installInDir     '--mutex',
13 silly installInDir     'network:42424',
13 silly installInDir     '--non-interactive',
13 silly installInDir     '--ignore-engines'
13 silly installInDir   ]
13 silly installInDir ]
14 error execute callback with error
15 error Error: Command failed: yarn install --mutex network:42424 --non-interactive --ignore-engines
15 error warning "workspace-aggregator-b67b727d-faad-4378-a2df-931d28a24a32 > tronbox > ganache-cli > webpack-cli@2.1.5" has incorrect peer dependency "webpack@^4.0.0".
15 error error /Users/ujwal/Desktop/tron-tools/tronbox/node_modules/sha3: Command failed.
15 error Exit code: 1
15 error Command: node-gyp rebuild
15 error Arguments:
15 error Directory: /Users/ujwal/Desktop/tron-tools/tronbox/node_modules/sha3
15 error Output:
15 error CXX(target) Release/obj.target/sha3/src/addon.o
15 error In file included from ../src/addon.cpp:4:
15 error In file included from ../../nan/nan.h:202:
15 error In file included from ../../nan/nan_converters.h:67:
15 error ../../nan/nan_converters_43_inl.h:22:1: warning: 'ToBoolean' is deprecated: ToBoolean can never throw. Use Local version. [-Wdeprecated-declarations]
15 error X(Boolean)
15 error ^
15 error ../../nan/nan_converters_43_inl.h:18:12: note: expanded from macro 'X'
15 error       val->To ## TYPE(isolate->GetCurrentContext())                            \
15 error            ^
15 error <scratch space>:175:1: note: expanded from here
15 error ToBoolean
15 error ^
15 error /Users/ujwal/.node-gyp/12.3.1/include/node/v8.h:2523:3: note: 'ToBoolean' has been explicitly marked deprecated here
15 error   V8_DEPRECATE_SOON("ToBoolean can never throw. Use Local version.",
15 error   ^
15 error /Users/ujwal/.node-gyp/12.3.1/include/node/v8config.h:322:29: note: expanded from macro 'V8_DEPRECATE_SOON'
15 error   declarator __attribute__((deprecated(message)))
15 error                             ^
15 error In file included from ../src/addon.cpp:4:
15 error In file included from ../../nan/nan.h:202:
15 error In file included from ../../nan/nan_converters.h:67:
15 error ../../nan/nan_converters_43_inl.h:40:1: warning: 'BooleanValue' is deprecated: BooleanValue can never throw. Use Isolate version. [-Wdeprecated-declarations]
15 error X(bool, Boolean)
15 error ^
15 error ../../nan/nan_converters_43_inl.h:37:15: note: expanded from macro 'X'
15 error   return val->NAME ## Value(isolate->GetCurrentContext());                     \
15 error               ^
15 error <scratch space>:182:1: note: expanded from here
15 error BooleanValue
15 error ^
15 error /Users/ujwal/.node-gyp/12.3.1/include/node/v8.h:2561:3: note: 'BooleanValue' has been explicitly marked deprecated here
15 error   V8_DEPRECATED("BooleanValue can never throw. Use Isolate version.",
15 error   ^
15 error /Users/ujwal/.node-gyp/12.3.1/include/node/v8config.h:307:29: note: expanded from macro 'V8_DEPRECATED'
15 error   declarator __attribute__((deprecated(message)))
15 error                             ^
15 error In file included from ../src/addon.cpp:4:
15 error In file included from ../../nan/nan.h:203:
15 error In file included from ../../nan/nan_new.h:189:
15 error ../../nan/nan_implementation_12_inl.h:103:42: error: no viable conversion from 'v8::Isolate *' to 'Local<v8::Context>'
15 error   return scope.Escape(v8::Function::New( isolate
15 error                                          ^~~~~~~
15 error /Users/ujwal/.node-gyp/12.3.1/include/node/v8.h:183:7: note: candidate constructor (the implicit copy constructor) not viable: no known conversion from 'v8::Isolate *' to 'const v8::Local<v8::Context> &' for 1st argument
15 error class Local {
15 error       ^
15 error /Users/ujwal/.node-gyp/12.3.1/include/node/v8.h:183:7: note: candidate constructor (the implicit move constructor) not viable: no known conversion from 'v8::Isolate *' to 'v8::Local<v8::Context> &&' for 1st argument
15 error /Users/ujwal/.node-gyp/12.3.1/include/node/v8.h:187:13: note: candidate template ignored: could not match 'Local<type-parameter-0-0>' against 'v8::Isolate *'
15 error   V8_INLINE Local(Local<S> that)
15 error             ^
15 error /Users/ujwal/.node-gyp/12.3.1/include/node/v8.h:4126:22: note: passing argument to parameter 'context' here
15 error       Local<Context> context, FunctionCallback callback,
15 error                      ^
15 error In file included from ../src/addon.cpp:4:
15 error In file included from ../../nan/nan.h:203:
15 error In file included from ../../nan/nan_new.h:189:
15 error ../../nan/nan_implementation_12_inl.h:337:37: error: too few arguments to function call, expected 2, have 1
15 error   return v8::StringObject::New(value).As<v8::StringObject>();
15 error          ~~~~~~~~~~~~~~~~~~~~~      ^
15 error /Users/ujwal/.node-gyp/12.3.1/include/node/v8.h:5380:3: note: 'New' declared here
15 error   static Local<Value> New(Isolate* isolate, Local<String> value);
15 error   ^
15 error In file included from ../src/addon.cpp:4:
15 error In file included from ../../nan/nan.h:203:
15 error In file included from ../../nan/nan_new.h:189:
15 error ../../nan/nan_implementation_12_inl.h:337:58: error: expected '(' for function-style cast or type construction
15 error   return v8::StringObject::New(value).As<v8::StringObject>();
15 error                                          ~~~~~~~~~~~~~~~~^
15 error ../../nan/nan_implementation_12_inl.h:337:60: error: expected expression
15 error   return v8::StringObject::New(value).As<v8::StringObject>();
15 error                                                            ^
15 error In file included from ../src/addon.cpp:4:
15 error ../../nan/nan.h:1034:44: error: no matching member function for call to 'ToString'
15 error       v8::Local<v8::String> string = from->ToString();
15 error                                      ~~~~~~^~~~~~~~
15 error /Users/ujwal/.node-gyp/12.3.1/include/node/v8.h:2528:44: note: candidate function not viable: requires single argument 'context', but no arguments were provided
15 error   V8_WARN_UNUSED_RESULT MaybeLocal<String> ToString(
15 error                                            ^
15 error /Users/ujwal/.node-gyp/12.3.1/include/node/v8.h:2544:35: note: candidate function not viable: requires single argument 'isolate', but no arguments were provided
15 error                     Local<String> ToString(Isolate* isolate) const);
15 error                                   ^
15 error In file included from ../src/addon.cpp:4:
15 error ../../nan/nan.h:1044:37: error: cannot initialize a parameter of type 'v8::Isolate *' with an lvalue of type 'char *'
15 error         length_ = string->WriteUtf8(str_, static_cast<int>(len), 0, flags);
15 error                                     ^~~~
15 error /Users/ujwal/.node-gyp/12.3.1/include/node/v8.h:2738:26: note: passing argument to parameter 'isolate' here
15 error   int WriteUtf8(Isolate* isolate, char* buffer, int length = -1,
15 error                          ^
15 error In file included from ../src/addon.cpp:4:
15 error ../../nan/nan.h:1818:28: warning: 'Set' is deprecated: Use maybe version [-Wdeprecated-declarations]
15 error     New(persistentHandle)->Set(New(key).ToLocalChecked(), value);
15 error                            ^
15 error /Users/ujwal/.node-gyp/12.3.1/include/node/v8.h:3358:3: note: 'Set' has been explicitly marked deprecated here
15 error   V8_DEPRECATE_SOON("Use maybe version",
15 error   ^
15 error /Users/ujwal/.node-gyp/12.3.1/include/node/v8config.h:322:29: note: expanded from macro 'V8_DEPRECATE_SOON'
15 error   declarator __attribute__((deprecated(message)))
15 error                             ^
15 error In file included from ../src/addon.cpp:4:
15 error ../../nan/nan.h:1824:28: warning: 'Set' is deprecated: Use maybe version [-Wdeprecated-declarations]
15 error     New(persistentHandle)->Set(key, value);
15 error                            ^
15 error /Users/ujwal/.node-gyp/12.3.1/include/node/v8.h:3358:3: note: 'Set' has been explicitly marked deprecated here
15 error   V8_DEPRECATE_SOON("Use maybe version",
15 error   ^
15 error /Users/ujwal/.node-gyp/12.3.1/include/node/v8config.h:322:29: note: expanded from macro 'V8_DEPRECATE_SOON'
15 error   declarator __attribute__((deprecated(message)))
15 error                             ^
15 error In file included from ../src/addon.cpp:4:
15 error ../../nan/nan.h:1830:28: warning: 'Set' is deprecated: Use maybe version [-Wdeprecated-declarations]
15 error     New(persistentHandle)->Set(index, value);
15 error                            ^
15 error /Users/ujwal/.node-gyp/12.3.1/include/node/v8.h:3367:3: note: 'Set' has been explicitly marked deprecated here
15 error   V8_DEPRECATE_SOON("Use maybe version",
15 error   ^
15 error /Users/ujwal/.node-gyp/12.3.1/include/node/v8config.h:322:29: note: expanded from macro 'V8_DEPRECATE_SOON'
15 error   declarator __attribute__((deprecated(message)))
15 error                             ^
15 error In file included from ../src/addon.cpp:4:
15 error ../../nan/nan.h:1836:32: warning: 'Get' is deprecated: Use maybe version [-Wdeprecated-declarations]
15 error         New(persistentHandle)->Get(New(key).ToLocalChecked()));
15 error                                ^
15 error /Users/ujwal/.node-gyp/12.3.1/include/node/v8.h:3412:3: note: 'Get' has been explicitly marked deprecated here
15 error   V8_DEPRECATE_SOON("Use maybe version", Local<Value> Get(Local<Value> key));
15 error   ^
15 error /Users/ujwal/.node-gyp/12.3.1/include/node/v8config.h:322:29: note: expanded from macro 'V8_DEPRECATE_SOON'
15 error   declarator __attribute__((deprecated(message)))
15 error                             ^
15 error In file included from ../src/addon.cpp:4:
15 error ../../nan/nan.h:1842:48: warning: 'Get' is deprecated: Use maybe version [-Wdeprecated-declarations]
15 error     return scope.Escape(New(persistentHandle)->Get(key));
15 error                                                ^
15 error /Users/ujwal/.node-gyp/12.3.1/include/node/v8.h:3412:3: note: 'Get' has been explicitly marked deprecated here
15 error   V8_DEPRECATE_SOON("Use maybe version", Local<Value> Get(Local<Value> key));
15 error   ^
15 error /Users/ujwal/.node-gyp/12.3.1/include/node/v8config.h:322:29: note: expanded from macro 'V8_DEPRECATE_SOON'
15 error   declarator __attribute__((deprecated(message)))
15 error                             ^
15 error In file included from ../src/addon.cpp:4:
15 error ../../nan/nan.h:1847:48: warning: 'Get' is deprecated: Use maybe version [-Wdeprecated-declarations]
15 error     return scope.Escape(New(persistentHandle)->Get(index));
15 error                                                ^
15 error /Users/ujwal/.node-gyp/12.3.1/include/node/v8.h:3416:3: note: 'Get' has been explicitly marked deprecated here
15 error   V8_DEPRECATE_SOON("Use maybe version", Local<Value> Get(uint32_t index));
15 error   ^
15 error /Users/ujwal/.node-gyp/12.3.1/include/node/v8config.h:322:29: note: expanded from macro 'V8_DEPRECATE_SOON'
15 error   declarator __attribute__((deprecated(message)))
15 error                             ^
15 error In file included from ../src/addon.cpp:4:
15 error In file included from ../../nan/nan.h:2657:
15 error ../../nan/nan_object_wrap.h:24:25: error: no member named 'IsNearDeath' in 'Nan::Persistent<v8::Object, v8::NonCopyablePersistentTraits<v8::Object> >'
15 error     assert(persistent().IsNearDeath());
15 error            ~~~~~~~~~~~~ ^
15 error /Library/Developer/CommandLineTools/SDKs/MacOSX10.14.sdk/usr/include/assert.h:93:25: note: expanded from macro 'assert'
15 error     (__builtin_expect(!(e), 0) ? __assert_rtn(__func__, __FILE__, __LINE__, #e) : (void)0)
15 error                         ^
15 error In file included from ../src/addon.cpp:4:
15 error In file included from ../../nan/nan.h:2657:
15 error ../../nan/nan_object_wrap.h:67:18: warning: 'MarkIndependent' is deprecated: Weak objects are always considered independent. Use TracedGlobal when trying to use EmbedderHeapTracer. Use a strong handle when trying to keep an object alive. [-Wdeprecated-declarations]
15 error     persistent().MarkIndependent();
15 error                  ^
15 error /Users/ujwal/.node-gyp/12.3.1/include/node/v8.h:563:3: note: 'MarkIndependent' has been explicitly marked deprecated here
15 error   V8_DEPRECATED(
15 error   ^
15 error /Users/ujwal/.node-gyp/12.3.1/include/node/v8config.h:307:29: note: expanded from macro 'V8_DEPRECATED'
15 error   declarator __attribute__((deprecated(message)))
15 error                             ^
15 error In file included from ../src/addon.cpp:4:
15 error In file included from ../../nan/nan.h:2657:
15 error ../../nan/nan_object_wrap.h:124:26: error: no member named 'IsNearDeath' in 'Nan::Persistent<v8::Object, v8::NonCopyablePersistentTraits<v8::Object> >'
15 error     assert(wrap->handle_.IsNearDeath());
15 error            ~~~~~~~~~~~~~ ^
15 error /Library/Developer/CommandLineTools/SDKs/MacOSX10.14.sdk/usr/include/assert.h:93:25: note: expanded from macro 'assert'
15 error     (__builtin_expect(!(e), 0) ? __assert_rtn(__func__, __FILE__, __LINE__, #e) : (void)0)
15 error                         ^
15 error In file included from ../src/addon.cpp:9:
15 error In file included from ../src/KeccakNISTInterface.h:17:
15 error ../src/KeccakSponge.h:23:9: warning: 'ALIGN' macro redefined [-Wmacro-redefined]
15 error #define ALIGN __attribute__ ((aligned(32)))
15 error         ^
15 error /Library/Developer/CommandLineTools/SDKs/MacOSX10.14.sdk/usr/include/i386/param.h:83:9: note: previous definition is here
15 error #define ALIGN(p)        __DARWIN_ALIGN(p)
15 error         ^
15 error ../src/addon.cpp:36:64: error: too few arguments to function call, single argument 'context' was not specified
15 error                 hashlen = info[0]->IsUndefined() ? 512 : info[0]->Int32Value();
15 error                                                          ~~~~~~~~~~~~~~~~~~~ ^
15 error /Users/ujwal/.node-gyp/12.3.1/include/node/v8.h:2569:3: note: 'Int32Value' declared here
15 error   V8_WARN_UNUSED_RESULT Maybe<int32_t> Int32Value(Local<Context> context) const;
15 error   ^
15 error /Users/ujwal/.node-gyp/12.3.1/include/node/v8config.h:347:31: note: expanded from macro 'V8_WARN_UNUSED_RESULT'
15 error #define V8_WARN_UNUSED_RESULT __attribute__((warn_unused_result))
15 error                               ^
15 error ../src/addon.cpp:76:36: error: too few arguments to function call, single argument 'context' was not specified
15 error                 constructor.Reset(t->GetFunction());
15 error                                   ~~~~~~~~~~~~~~ ^
15 error /Users/ujwal/.node-gyp/12.3.1/include/node/v8.h:5947:3: note: 'GetFunction' declared here
15 error   V8_WARN_UNUSED_RESULT MaybeLocal<Function> GetFunction(
15 error   ^
15 error /Users/ujwal/.node-gyp/12.3.1/include/node/v8config.h:347:31: note: expanded from macro 'V8_WARN_UNUSED_RESULT'
15 error #define V8_WARN_UNUSED_RESULT __attribute__((warn_unused_result))
15 error                               ^
15 error ../src/addon.cpp:77:77: error: too few arguments to function call, single argument 'context' was not specified
15 error                 target->Set(Nan::New<String>("SHA3Hash").ToLocalChecked(), t->GetFunction());
15 error                                                                            ~~~~~~~~~~~~~~ ^
15 error /Users/ujwal/.node-gyp/12.3.1/include/node/v8.h:5947:3: note: 'GetFunction' declared here
15 error   V8_WARN_UNUSED_RESULT MaybeLocal<Function> GetFunction(
15 error   ^
15 error /Users/ujwal/.node-gyp/12.3.1/include/node/v8config.h:347:31: note: expanded from macro 'V8_WARN_UNUSED_RESULT'
15 error #define V8_WARN_UNUSED_RESULT __attribute__((warn_unused_result))
15 error                               ^
15 error ../src/addon.cpp:97:40: error: no matching member function for call to 'ToObject'
15 error                         Local<Object> buffer_obj = info[0]->ToObject();
15 error                                                    ~~~~~~~~~^~~~~~~~
15 error /Users/ujwal/.node-gyp/12.3.1/include/node/v8.h:2532:44: note: candidate function not viable: requires single argument 'context', but no arguments were provided
15 error   V8_WARN_UNUSED_RESULT MaybeLocal<Object> ToObject(
15 error                                            ^
15 error /Users/ujwal/.node-gyp/12.3.1/include/node/v8.h:2546:35: note: candidate function not viable: requires single argument 'isolate', but no arguments were provided
15 error                     Local<Object> ToObject(Isolate* isolate) const);
15 error                                   ^
15 error 10 warnings and 12 errors generated.
15 error make: *** [Release/obj.target/sha3/src/addon.o] Error 1
15 error gyp ERR! build error
15 error gyp ERR! stack Error: `make` failed with exit code: 2
15 error gyp ERR! stack     at ChildProcess.onExit (/Users/ujwal/.nvm/versions/node/v12.3.1/lib/node_modules/npm/node_modules/node-gyp/lib/build.js:262:23)
15 error gyp ERR! stack     at ChildProcess.emit (events.js:200:13)
15 error gyp ERR! stack     at Process.ChildProcess._handle.onexit (internal/child_process.js:272:12)
15 error gyp ERR! System Darwin 18.2.0
15 error gyp ERR! command "/Users/ujwal/.nvm/versions/node/v12.3.1/bin/node" "/Users/ujwal/.nvm/versions/node/v12.3.1/lib/node_modules/npm/node_modules/node-gyp/bin/node-gyp.js" "rebuild"
15 error gyp ERR! cwd /Users/ujwal/Desktop/tron-tools/tronbox/node_modules/sha3
15 error gyp ERR! node -v v12.3.1
15 error gyp ERR! node-gyp -v v3.8.0
15 error gyp ERR! not ok
15 error warning Error running install script for optional dependency: "/Users/ujwal/Desktop/tron-tools/tronbox/node_modules/fsevents: Command failed.
15 error Exit code: 1
15 error Command: node install
15 error Arguments:
15 error Directory: /Users/ujwal/Desktop/tron-tools/tronbox/node_modules/fsevents
15 error Output:
15 error node-pre-gyp WARN Tried to download(404): https://fsevents-binaries.s3-us-west-2.amazonaws.com/v1.2.4/fse-v1.2.4-node-v72-darwin-x64.tar.gz
15 error node-pre-gyp WARN Pre-built binaries not found for fsevents@1.2.4 and node@12.3.1 (node-v72 ABI, unknown) (falling back to source compile with node-gyp)
15 error   SOLINK_MODULE(target) Release/.node
15 error   CXX(target) Release/obj.target/fse/fsevents.o
15 error In file included from ../fsevents.cc:6:
15 error In file included from ../../nan/nan.h:202:
15 error In file included from ../../nan/nan_converters.h:67:
15 error ../../nan/nan_converters_43_inl.h:22:1: warning: 'ToBoolean' is deprecated: ToBoolean can never throw. Use Local version. [-Wdeprecated-declarations]
15 error X(Boolean)
15 error ^
15 error ../../nan/nan_converters_43_inl.h:18:12: note: expanded from macro 'X'
15 error       val->To ## TYPE(isolate->GetCurrentContext())                            \\\n           ^
15 error <scratch space>:170:1: note: expanded from here
15 error ToBoolean
15 error ^
15 error /Users/ujwal/.node-gyp/12.3.1/include/node/v8.h:2523:3: note: 'ToBoolean' has been explicitly marked deprecated here
15 error   V8_DEPRECATE_SOON(\"ToBoolean can never throw. Use Local version.\",
15 error   ^
15 error /Users/ujwal/.node-gyp/12.3.1/include/node/v8config.h:322:29: note: expanded from macro 'V8_DEPRECATE_SOON'
15 error   declarator __attribute__((deprecated(message)))
15 error                             ^
15 error In file included from ../fsevents.cc:6:
15 error In file included from ../../nan/nan.h:202:
15 error In file included from ../../nan/nan_converters.h:67:
15 error ../../nan/nan_converters_43_inl.h:40:1: warning: 'BooleanValue' is deprecated: BooleanValue can never throw. Use Isolate version. [-Wdeprecated-declarations]
15 error X(bool, Boolean)
15 error ^
15 error ../../nan/nan_converters_43_inl.h:37:15: note: expanded from macro 'X'
15 error   return val->NAME ## Value(isolate->GetCurrentContext());                     \\\n              ^
15 error <scratch space>:177:1: note: expanded from here
15 error BooleanValue
15 error ^
15 error /Users/ujwal/.node-gyp/12.3.1/include/node/v8.h:2561:3: note: 'BooleanValue' has been explicitly marked deprecated here
15 error   V8_DEPRECATED(\"BooleanValue can never throw. Use Isolate version.\",
15 error   ^
15 error /Users/ujwal/.node-gyp/12.3.1/include/node/v8config.h:307:29: note: expanded from macro 'V8_DEPRECATED'
15 error   declarator __attribute__((deprecated(message)))
15 error                             ^
15 error In file included from ../fsevents.cc:6:
15 error In file included from ../../nan/nan.h:203:
15 error In file included from ../../nan/nan_new.h:189:
15 error ../../nan/nan_implementation_12_inl.h:103:42: error: no viable conversion from 'v8::Isolate *' to 'Local<v8::Context>'
15 error   return scope.Escape(v8::Function::New( isolate
15 error                                          ^~~~~~~
15 error /Users/ujwal/.node-gyp/12.3.1/include/node/v8.h:183:7: note: candidate constructor (the implicit copy constructor) not viable: no known conversion from 'v8::Isolate *' to 'const v8::Local<v8::Context> &' for 1st argument
15 error class Local {
15 error       ^
15 error /Users/ujwal/.node-gyp/12.3.1/include/node/v8.h:183:7: note: candidate constructor (the implicit move constructor) not viable: no known conversion from 'v8::Isolate *' to 'v8::Local<v8::Context> &&' for 1st argument
15 error /Users/ujwal/.node-gyp/12.3.1/include/node/v8.h:187:13: note: candidate template ignored: could not match 'Local<type-parameter-0-0>' against 'v8::Isolate *'
15 error   V8_INLINE Local(Local<S> that)
15 error             ^
15 error /Users/ujwal/.node-gyp/12.3.1/include/node/v8.h:4126:22: note: passing argument to parameter 'context' here
15 error       Local<Context> context, FunctionCallback callback,
15 error                      ^
15 error In file included from ../fsevents.cc:6:
15 error In file included from ../../nan/nan.h:203:
15 error In file included from ../../nan/nan_new.h:189:
15 error ../../nan/nan_implementation_12_inl.h:337:37: error: too few arguments to function call, expected 2, have 1
15 error   return v8::StringObject::New(value).As<v8::StringObject>();
15 error          ~~~~~~~~~~~~~~~~~~~~~      ^
15 error /Users/ujwal/.node-gyp/12.3.1/include/node/v8.h:5380:3: note: 'New' declared here
15 error   static Local<Value> New(Isolate* isolate, Local<String> value);
15 error   ^
15 error In file included from ../fsevents.cc:6:
15 error In file included from ../../nan/nan.h:203:
15 error In file included from ../../nan/nan_new.h:189:
15 error ../../nan/nan_implementation_12_inl.h:337:58: error: expected '(' for function-style cast or type construction
15 error   return v8::StringObject::New(value).As<v8::StringObject>();
15 error                                          ~~~~~~~~~~~~~~~~^
15 error ../../nan/nan_implementation_12_inl.h:337:60: error: expected expression
15 error   return v8::StringObject::New(value).As<v8::StringObject>();
15 error                                                            ^
15 error In file included from ../fsevents.cc:6:
15 error ../../nan/nan.h:1034:44: error: no matching member function for call to 'ToString'
15 error       v8::Local<v8::String> string = from->ToString();
15 error                                      ~~~~~~^~~~~~~~
15 error /Users/ujwal/.node-gyp/12.3.1/include/node/v8.h:2528:44: note: candidate function not viable: requires single argument 'context', but no arguments were provided
15 error   V8_WARN_UNUSED_RESULT MaybeLocal<String> ToString(
15 error                                            ^
15 error /Users/ujwal/.node-gyp/12.3.1/include/node/v8.h:2544:35: note: candidate function not viable: requires single argument 'isolate', but no arguments were provided
15 error                     Local<String> ToString(Isolate* isolate) const);
15 error                                   ^
15 error In file included from ../fsevents.cc:6:
15 error ../../nan/nan.h:1044:37: error: cannot initialize a parameter of type 'v8::Isolate *' with an lvalue of type 'char *'
15 error         length_ = string->WriteUtf8(str_, static_cast<int>(len), 0, flags);
15 error                                     ^~~~
15 error /Users/ujwal/.node-gyp/12.3.1/include/node/v8.h:2738:26: note: passing argument to parameter 'isolate' here
15 error   int WriteUtf8(Isolate* isolate, char* buffer, int length = -1,
15 error                          ^
15 error In file included from ../fsevents.cc:6:
15 error ../../nan/nan.h:1818:28: warning: 'Set' is deprecated: Use maybe version [-Wdeprecated-declarations]
15 error     New(persistentHandle)->Set(New(key).ToLocalChecked(), value);
15 error                            ^
15 error /Users/ujwal/.node-gyp/12.3.1/include/node/v8.h:3358:3: note: 'Set' has been explicitly marked deprecated here
15 error   V8_DEPRECATE_SOON(\"Use maybe version\",
15 error   ^
15 error /Users/ujwal/.node-gyp/12.3.1/include/node/v8config.h:322:29: note: expanded from macro 'V8_DEPRECATE_SOON'
15 error   declarator __attribute__((deprecated(message)))
15 error                             ^
15 error In file included from ../fsevents.cc:6:
15 error ../../nan/nan.h:1824:28: warning: 'Set' is deprecated: Use maybe version [-Wdeprecated-declarations]
15 error     New(persistentHandle)->Set(key, value);
15 error                            ^
15 error /Users/ujwal/.node-gyp/12.3.1/include/node/v8.h:3358:3: note: 'Set' has been explicitly marked deprecated here
15 error   V8_DEPRECATE_SOON(\"Use maybe version\",
15 error   ^
15 error /Users/ujwal/.node-gyp/12.3.1/include/node/v8config.h:322:29: note: expanded from macro 'V8_DEPRECATE_SOON'
15 error   declarator __attribute__((deprecated(message)))
15 error                             ^
15 error In file included from ../fsevents.cc:6:
15 error ../../nan/nan.h:1830:28: warning: 'Set' is deprecated: Use maybe version [-Wdeprecated-declarations]
15 error     New(persistentHandle)->Set(index, value);
15 error                            ^
15 error /Users/ujwal/.node-gyp/12.3.1/include/node/v8.h:3367:3: note: 'Set' has been explicitly marked deprecated here
15 error   V8_DEPRECATE_SOON(\"Use maybe version\",
15 error   ^
15 error /Users/ujwal/.node-gyp/12.3.1/include/node/v8config.h:322:29: note: expanded from macro 'V8_DEPRECATE_SOON'
15 error   declarator __attribute__((deprecated(message)))
15 error                             ^
15 error In file included from ../fsevents.cc:6:
15 error ../../nan/nan.h:1836:32: warning: 'Get' is deprecated: Use maybe version [-Wdeprecated-declarations]
15 error         New(persistentHandle)->Get(New(key).ToLocalChecked()));
15 error                                ^
15 error /Users/ujwal/.node-gyp/12.3.1/include/node/v8.h:3412:3: note: 'Get' has been explicitly marked deprecated here
15 error   V8_DEPRECATE_SOON(\"Use maybe version\", Local<Value> Get(Local<Value> key));
15 error   ^
15 error /Users/ujwal/.node-gyp/12.3.1/include/node/v8config.h:322:29: note: expanded from macro 'V8_DEPRECATE_SOON'
15 error   declarator __attribute__((deprecated(message)))
15 error                             ^
15 error In file included from ../fsevents.cc:6:
15 error ../../nan/nan.h:1842:48: warning: 'Get' is deprecated: Use maybe version [-Wdeprecated-declarations]
15 error     return scope.Escape(New(persistentHandle)->Get(key));
15 error                                                ^
15 error /Users/ujwal/.node-gyp/12.3.1/include/node/v8.h:3412:3: note: 'Get' has been explicitly marked deprecated here
15 error   V8_DEPRECATE_SOON(\"Use maybe version\", Local<Value> Get(Local<Value> key));
15 error   ^
15 error /Users/ujwal/.node-gyp/12.3.1/include/node/v8config.h:322:29: note: expanded from macro 'V8_DEPRECATE_SOON'
15 error   declarator __attribute__((deprecated(message)))
15 error                             ^
15 error In file included from ../fsevents.cc:6:
15 error ../../nan/nan.h:1847:48: warning: 'Get' is deprecated: Use maybe version [-Wdeprecated-declarations]
15 error     return scope.Escape(New(persistentHandle)->Get(index));
15 error                                                ^
15 error /Users/ujwal/.node-gyp/12.3.1/include/node/v8.h:3416:3: note: 'Get' has been explicitly marked deprecated here
15 error   V8_DEPRECATE_SOON(\"Use maybe version\", Local<Value> Get(uint32_t index));
15 error   ^
15 error /Users/ujwal/.node-gyp/12.3.1/include/node/v8config.h:322:29: note: expanded from macro 'V8_DEPRECATE_SOON'
15 error   declarator __attribute__((deprecated(message)))
15 error                             ^
15 error In file included from ../fsevents.cc:6:
15 error In file included from ../../nan/nan.h:2657:
15 error ../../nan/nan_object_wrap.h:24:25: error: no member named 'IsNearDeath' in 'Nan::Persistent<v8::Object, v8::NonCopyablePersistentTraits<v8::Object> >'
15 error     assert(persistent().IsNearDeath());
15 error            ~~~~~~~~~~~~ ^
15 error /Library/Developer/CommandLineTools/SDKs/MacOSX10.14.sdk/usr/include/assert.h:93:25: note: expanded from macro 'assert'
15 error     (__builtin_expect(!(e), 0) ? __assert_rtn(__func__, __FILE__, __LINE__, #e) : (void)0)
15 error                         ^
15 error In file included from ../fsevents.cc:6:
15 error In file included from ../../nan/nan.h:2657:
15 error ../../nan/nan_object_wrap.h:67:18: warning: 'MarkIndependent' is deprecated: Weak objects are always considered independent. Use TracedGlobal when trying to use EmbedderHeapTracer. Use a strong handle when trying to keep an object alive. [-Wdeprecated-declarations]
15 error     persistent().MarkIndependent();
15 error                  ^
15 error /Users/ujwal/.node-gyp/12.3.1/include/node/v8.h:563:3: note: 'MarkIndependent' has been explicitly marked deprecated here
15 error   V8_DEPRECATED(
15 error   ^
15 error /Users/ujwal/.node-gyp/12.3.1/include/node/v8config.h:307:29: note: expanded from macro 'V8_DEPRECATED'
15 error   declarator __attribute__((deprecated(message)))
15 error                             ^
15 error In file included from ../fsevents.cc:6:
15 error In file included from ../../nan/nan.h:2657:
15 error ../../nan/nan_object_wrap.h:124:26: error: no member named 'IsNearDeath' in 'Nan::Persistent<v8::Object, v8::NonCopyablePersistentTraits<v8::Object> >'
15 error     assert(wrap->handle_.IsNearDeath());
15 error            ~~~~~~~~~~~~~ ^
15 error /Library/Developer/CommandLineTools/SDKs/MacOSX10.14.sdk/usr/include/assert.h:93:25: note: expanded from macro 'assert'
15 error     (__builtin_expect(!(e), 0) ? __assert_rtn(__func__, __FILE__, __LINE__, #e) : (void)0)
15 error                         ^
15 error ../fsevents.cc:50:32: error: no template named 'Handle' in namespace 'v8'
15 error     static void Initialize(v8::Handle<v8::Object> exports);
15 error                            ~~~~^
15 error ../fsevents.cc:63:6: warning: field 'async_resource' will be initialized after field 'lockStarted' [-Wreorder]
15 error    : async_resource(\"fsevents:FSEvents\"), lockStarted(false) {
15 error      ^
15 error In file included from ../fsevents.cc:82:
15 error ../src/constants.cc:89:11: warning: 'Set' is deprecated: Use maybe version [-Wdeprecated-declarations]
15 error   object->Set(Nan::New<v8::String>(\"kFSEventStreamEventFlagNone\").ToLocalChecked(), Nan::New<v8::Integer>(kFSEventStreamEventFlagNone));
15 error           ^
15 error /Users/ujwal/.node-gyp/12.3.1/include/node/v8.h:3358:3: note: 'Set' has been explicitly marked deprecated here
15 error   V8_DEPRECATE_SOON(\"Use maybe version\",
15 error   ^
15 error /Users/ujwal/.node-gyp/12.3.1/include/node/v8config.h:322:29: note: expanded from macro 'V8_DEPRECATE_SOON'
15 error   declarator __attribute__((deprecated(message)))
15 error                             ^
15 error In file included from ../fsevents.cc:82:
15 error ../src/constants.cc:90:11: warning: 'Set' is deprecated: Use maybe version [-Wdeprecated-declarations]
15 error   object->Set(Nan::New<v8::String>(\"kFSEventStreamEventFlagMustScanSubDirs\").ToLocalChecked(), Nan::New<v8::Integer>(kFSEventStreamEventFlagMustScanSubDirs));
15 error           ^
15 error /Users/ujwal/.node-gyp/12.3.1/include/node/v8.h:3358:3: note: 'Set' has been explicitly marked deprecated here
15 error   V8_DEPRECATE_SOON(\"Use maybe version\",
15 error   ^
15 error /Users/ujwal/.node-gyp/12.3.1/include/node/v8config.h:322:29: note: expanded from macro 'V8_DEPRECATE_SOON'
15 error   declarator __attribute__((deprecated(message)))
15 error                             ^
15 error In file included from ../fsevents.cc:82:
15 error ../src/constants.cc:91:11: warning: 'Set' is deprecated: Use maybe version [-Wdeprecated-declarations]
15 error   object->Set(Nan::New<v8::String>(\"kFSEventStreamEventFlagUserDropped\").ToLocalChecked(), Nan::New<v8::Integer>(kFSEventStreamEventFlagUserDropped));
15 error           ^
15 error /Users/ujwal/.node-gyp/12.3.1/include/node/v8.h:3358:3: note: 'Set' has been explicitly marked deprecated here
15 error   V8_DEPRECATE_SOON(\"Use maybe version\",
15 error   ^
15 error /Users/ujwal/.node-gyp/12.3.1/include/node/v8config.h:322:29: note: expanded from macro 'V8_DEPRECATE_SOON'
15 error   declarator __attribute__((deprecated(message)))
15 error                             ^
15 error In file included from ../fsevents.cc:82:
15 error ../src/constants.cc:92:11: warning: 'Set' is deprecated: Use maybe version [-Wdeprecated-declarations]
15 error   object->Set(Nan::New<v8::String>(\"kFSEventStreamEventFlagKernelDropped\").ToLocalChecked(), Nan::New<v8::Integer>(kFSEventStreamEventFlagKernelDropped));
15 error           ^
15 error /Users/ujwal/.node-gyp/12.3.1/include/node/v8.h:3358:3: note: 'Set' has been explicitly marked deprecated here
15 error   V8_DEPRECATE_SOON(\"Use maybe version\",
15 error   ^
15 error /Users/ujwal/.node-gyp/12.3.1/include/node/v8config.h:322:29: note: expanded from macro 'V8_DEPRECATE_SOON'
15 error   declarator __attribute__((deprecated(message)))
15 error                             ^
15 error In file included from ../fsevents.cc:82:
15 error ../src/constants.cc:93:11: warning: 'Set' is deprecated: Use maybe version [-Wdeprecated-declarations]
15 error   object->Set(Nan::New<v8::String>(\"kFSEventStreamEventFlagEventIdsWrapped\").ToLocalChecked(), Nan::New<v8::Integer>(kFSEventStreamEventFlagEventIdsWrapped));
15 error           ^
15 error /Users/ujwal/.node-gyp/12.3.1/include/node/v8.h:3358:3: note: 'Set' has been explicitly marked deprecated here
15 error   V8_DEPRECATE_SOON(\"Use maybe version\",
15 error   ^
15 error /Users/ujwal/.node-gyp/12.3.1/include/node/v8config.h:322:29: note: expanded from macro 'V8_DEPRECATE_SOON'
15 error   declarator __attribute__((deprecated(message)))
15 error                             ^
15 error In file included from ../fsevents.cc:82:
15 error ../src/constants.cc:94:11: warning: 'Set' is deprecated: Use maybe version [-Wdeprecated-declarations]
15 error   object->Set(Nan::New<v8::String>(\"kFSEventStreamEventFlagHistoryDone\").ToLocalChecked(), Nan::New<v8::Integer>(kFSEventStreamEventFlagHistoryDone));
15 error           ^
15 error /Users/ujwal/.node-gyp/12.3.1/include/node/v8.h:3358:3: note: 'Set' has been explicitly marked deprecated here
15 error   V8_DEPRECATE_SOON(\"Use maybe version\",
15 error   ^
15 error /Users/ujwal/.node-gyp/12.3.1/include/node/v8config.h:322:29: note: expanded from macro 'V8_DEPRECATE_SOON'
15 error   declarator __attribute__((deprecated(message)))
15 error                             ^
15 error In file included from ../fsevents.cc:82:
15 error ../src/constants.cc:95:11: warning: 'Set' is deprecated: Use maybe version [-Wdeprecated-declarations]
15 error   object->Set(Nan::New<v8::String>(\"kFSEventStreamEventFlagRootChanged\").ToLocalChecked(), Nan::New<v8::Integer>(kFSEventStreamEventFlagRootChanged));
15 error           ^
15 error /Users/ujwal/.node-gyp/12.3.1/include/node/v8.h:3358:3: note: 'Set' has been explicitly marked deprecated here
15 error   V8_DEPRECATE_SOON(\"Use maybe version\",
15 error   ^
15 error /Users/ujwal/.node-gyp/12.3.1/include/node/v8config.h:322:29: note: expanded from macro 'V8_DEPRECATE_SOON'
15 error   declarator __attribute__((deprecated(message)))
15 error                             ^
15 error In file included from ../fsevents.cc:82:
15 error ../src/constants.cc:96:11: warning: 'Set' is deprecated: Use maybe version [-Wdeprecated-declarations]
15 error   object->Set(Nan::New<v8::String>(\"kFSEventStreamEventFlagMount\").ToLocalChecked(), Nan::New<v8::Integer>(kFSEventStreamEventFlagMount));
15 error           ^
15 error /Users/ujwal/.node-gyp/12.3.1/include/node/v8.h:3358:3: note: 'Set' has been explicitly marked deprecated here
15 error   V8_DEPRECATE_SOON(\"Use maybe version\",
15 error   ^
15 error /Users/ujwal/.node-gyp/12.3.1/include/node/v8config.h:322:29: note: expanded from macro 'V8_DEPRECATE_SOON'
15 error   declarator __attribute__((deprecated(message)))
15 error                             ^
15 error In file included from ../fsevents.cc:82:
15 error ../src/constants.cc:97:11: warning: 'Set' is deprecated: Use maybe version [-Wdeprecated-declarations]
15 error   object->Set(Nan::New<v8::String>(\"kFSEventStreamEventFlagUnmount\").ToLocalChecked(), Nan::New<v8::Integer>(kFSEventStreamEventFlagUnmount));
15 error           ^
15 error /Users/ujwal/.node-gyp/12.3.1/include/node/v8.h:3358:3: note: 'Set' has been explicitly marked deprecated here
15 error   V8_DEPRECATE_SOON(\"Use maybe version\",
15 error   ^
15 error /Users/ujwal/.node-gyp/12.3.1/include/node/v8config.h:322:29: note: expanded from macro 'V8_DEPRECATE_SOON'
15 error   declarator __attribute__((deprecated(message)))
15 error                             ^
15 error In file included from ../fsevents.cc:82:
15 error ../src/constants.cc:98:11: warning: 'Set' is deprecated: Use maybe version [-Wdeprecated-declarations]
15 error   object->Set(Nan::New<v8::String>(\"kFSEventStreamEventFlagItemCreated\").ToLocalChecked(), Nan::New<v8::Integer>(kFSEventStreamEventFlagItemCreated));
15 error           ^
15 error /Users/ujwal/.node-gyp/12.3.1/include/node/v8.h:3358:3: note: 'Set' has been explicitly marked deprecated here
15 error   V8_DEPRECATE_SOON(\"Use maybe version\",
15 error   ^
15 error /Users/ujwal/.node-gyp/12.3.1/include/node/v8config.h:322:29: note: expanded from macro 'V8_DEPRECATE_SOON'
15 error   declarator __attribute__((deprecated(message)))
15 error                             ^
15 error In file included from ../fsevents.cc:82:
15 error ../src/constants.cc:99:11: warning: 'Set' is deprecated: Use maybe version [-Wdeprecated-declarations]
15 error   object->Set(Nan::New<v8::String>(\"kFSEventStreamEventFlagItemRemoved\").ToLocalChecked(), Nan::New<v8::Integer>(kFSEventStreamEventFlagItemRemoved));
15 error           ^
15 error /Users/ujwal/.node-gyp/12.3.1/include/node/v8.h:3358:3: note: 'Set' has been explicitly marked deprecated here
15 error   V8_DEPRECATE_SOON(\"Use maybe version\",
15 error   ^
15 error /Users/ujwal/.node-gyp/12.3.1/include/node/v8config.h:322:29: note: expanded from macro 'V8_DEPRECATE_SOON'
15 error   declarator __attribute__((deprecated(message)))
15 error                             ^
15 error In file included from ../fsevents.cc:82:
15 error ../src/constants.cc:100:11: warning: 'Set' is deprecated: Use maybe version [-Wdeprecated-declarations]
15 error   object->Set(Nan::New<v8::String>(\"kFSEventStreamEventFlagItemInodeMetaMod\").ToLocalChecked(), Nan::New<v8::Integer>(kFSEventStreamEventFlagItemInodeMetaMod));
15 error           ^
15 error /Users/ujwal/.node-gyp/12.3.1/include/node/v8.h:3358:3: note: 'Set' has been explicitly marked deprecated here
15 error   V8_DEPRECATE_SOON(\"Use maybe version\",
15 error   ^
15 error /Users/ujwal/.node-gyp/12.3.1/include/node/v8config.h:322:29: note: expanded from macro 'V8_DEPRECATE_SOON'
15 error   declarator __attribute__((deprecated(message)))
15 error                             ^
15 error In file included from ../fsevents.cc:82:
15 error ../src/constants.cc:101:11: warning: 'Set' is deprecated: Use maybe version [-Wdeprecated-declarations]
15 error   object->Set(Nan::New<v8::String>(\"kFSEventStreamEventFlagItemRenamed\").ToLocalChecked(), Nan::New<v8::Integer>(kFSEventStreamEventFlagItemRenamed));
15 error           ^
15 error /Users/ujwal/.node-gyp/12.3.1/include/node/v8.h:3358:3: note: 'Set' has been explicitly marked deprecated here
15 error   V8_DEPRECATE_SOON(\"Use maybe version\",
15 error   ^
15 error /Users/ujwal/.node-gyp/12.3.1/include/node/v8config.h:322:29: note: expanded from macro 'V8_DEPRECATE_SOON'
15 error   declarator __attribute__((deprecated(message)))
15 error                             ^
15 error In file included from ../fsevents.cc:82:
15 error ../src/constants.cc:102:11: warning: 'Set' is deprecated: Use maybe version [-Wdeprecated-declarations]
15 error   object->Set(Nan::New<v8::String>(\"kFSEventStreamEventFlagItemModified\").ToLocalChecked(), Nan::New<v8::Integer>(kFSEventStreamEventFlagItemModified));
15 error           ^
15 error /Users/ujwal/.node-gyp/12.3.1/include/node/v8.h:3358:3: note: 'Set' has been explicitly marked deprecated here
15 error   V8_DEPRECATE_SOON(\"Use maybe version\",
15 error   ^
15 error /Users/ujwal/.node-gyp/12.3.1/include/node/v8config.h:322:29: note: expanded from macro 'V8_DEPRECATE_SOON'
15 error   declarator __attribute__((deprecated(message)))
15 error                             ^
15 error In file included from ../fsevents.cc:82:
15 error ../src/constants.cc:103:11: warning: 'Set' is deprecated: Use maybe version [-Wdeprecated-declarations]
15 error   object->Set(Nan::New<v8::String>(\"kFSEventStreamEventFlagItemFinderInfoMod\").ToLocalChecked(), Nan::New<v8::Integer>(kFSEventStreamEventFlagItemFinderInfoMod));
15 error           ^
15 error /Users/ujwal/.node-gyp/12.3.1/include/node/v8.h:3358:3: note: 'Set' has been explicitly marked deprecated here
15 error   V8_DEPRECATE_SOON(\"Use maybe version\",
15 error   ^
15 error /Users/ujwal/.node-gyp/12.3.1/include/node/v8config.h:322:29: note: expanded from macro 'V8_DEPRECATE_SOON'
15 error   declarator __attribute__((deprecated(message)))
15 error                             ^
15 error In file included from ../fsevents.cc:82:
15 error ../src/constants.cc:104:11: warning: 'Set' is deprecated: Use maybe version [-Wdeprecated-declarations]
15 error   object->Set(Nan::New<v8::String>(\"kFSEventStreamEventFlagItemChangeOwner\").ToLocalChecked(), Nan::New<v8::Integer>(kFSEventStreamEventFlagItemChangeOwner));
15 error           ^
15 error /Users/ujwal/.node-gyp/12.3.1/include/node/v8.h:3358:3: note: 'Set' has been explicitly marked deprecated here
15 error   V8_DEPRECATE_SOON(\"Use maybe version\",
15 error   ^
15 error /Users/ujwal/.node-gyp/12.3.1/include/node/v8config.h:322:29: note: expanded from macro 'V8_DEPRECATE_SOON'
15 error   declarator __attribute__((deprecated(message)))
15 error                             ^
15 error In file included from ../fsevents.cc:82:
15 error ../src/constants.cc:105:11: warning: 'Set' is deprecated: Use maybe version [-Wdeprecated-declarations]
15 error   object->Set(Nan::New<v8::String>(\"kFSEventStreamEventFlagItemXattrMod\").ToLocalChecked(), Nan::New<v8::Integer>(kFSEventStreamEventFlagItemXattrMod));
15 error           ^
15 error /Users/ujwal/.node-gyp/12.3.1/include/node/v8.h:3358:3: note: 'Set' has been explicitly marked deprecated here
15 error   V8_DEPRECATE_SOON(\"Use maybe version\",
15 error   ^
15 error /Users/ujwal/.node-gyp/12.3.1/include/node/v8config.h:322:29: note: expanded from macro 'V8_DEPRECATE_SOON'
15 error   declarator __attribute__((deprecated(message)))
15 error                             ^
15 error In file included from ../fsevents.cc:82:
15 error ../src/constants.cc:106:11: warning: 'Set' is deprecated: Use maybe version [-Wdeprecated-declarations]
15 error   object->Set(Nan::New<v8::String>(\"kFSEventStreamEventFlagItemIsFile\").ToLocalChecked(), Nan::New<v8::Integer>(kFSEventStreamEventFlagItemIsFile));
15 error           ^
15 error /Users/ujwal/.node-gyp/12.3.1/include/node/v8.h:3358:3: note: 'Set' has been explicitly marked deprecated here
15 error   V8_DEPRECATE_SOON(\"Use maybe version\",
15 error   ^
15 error /Users/ujwal/.node-gyp/12.3.1/include/node/v8config.h:322:29: note: expanded from macro 'V8_DEPRECATE_SOON'
15 error   declarator __attribute__((deprecated(message)))
15 error                             ^
15 error In file included from ../fsevents.cc:82:
15 error ../src/constants.cc:107:11: warning: 'Set' is deprecated: Use maybe version [-Wdeprecated-declarations]
15 error   object->Set(Nan::New<v8::String>(\"kFSEventStreamEventFlagItemIsDir\").ToLocalChecked(), Nan::New<v8::Integer>(kFSEventStreamEventFlagItemIsDir));
15 error           ^
15 error /Users/ujwal/.node-gyp/12.3.1/include/node/v8.h:3358:3: note: 'Set' has been explicitly marked deprecated here
15 error   V8_DEPRECATE_SOON(\"Use maybe version\",
15 error   ^
15 error /Users/ujwal/.node-gyp/12.3.1/include/node/v8config.h:322:29: note: expanded from macro 'V8_DEPRECATE_SOON'
15 error   declarator __attribute__((deprecated(message)))
15 error                             ^
15 error In file included from ../fsevents.cc:82:
15 error ../src/constants.cc:108:11: warning: 'Set' is deprecated: Use maybe version [-Wdeprecated-declarations]
15 error   object->Set(Nan::New<v8::String>(\"kFSEventStreamEventFlagItemIsSymlink\").ToLocalChecked(), Nan::New<v8::Integer>(kFSEventStreamEventFlagItemIsSymlink));
15 error           ^
15 error /Users/ujwal/.node-gyp/12.3.1/include/node/v8.h:3358:3: note: 'Set' has been explicitly marked deprecated here
15 error   V8_DEPRECATE_SOON(\"Use maybe version\",
15 error   ^
15 error /Users/ujwal/.node-gyp/12.3.1/include/node/v8config.h:322:29: note: expanded from macro 'V8_DEPRECATE_SOON'
15 error   declarator __attribute__((deprecated(message)))
15 error                             ^
15 error ../fsevents.cc:85:16: error: variable has incomplete type 'void'
15 error void FSEvents::Initialize(v8::Handle<v8::Object> exports) {
15 error                ^
15 error ../fsevents.cc:85:31: error: no member named 'Handle' in namespace 'v8'
15 error void FSEvents::Initialize(v8::Handle<v8::Object> exports) {
15 error                           ~~~~^
15 error ../fsevents.cc:85:48: error: expected '(' for function-style cast or type construction
15 error void FSEvents::Initialize(v8::Handle<v8::Object> exports) {
15 error                                      ~~~~~~~~~~^
15 error ../fsevents.cc:85:50: error: use of undeclared identifier 'exports'
15 error void FSEvents::Initialize(v8::Handle<v8::Object> exports) {
15 error                                                  ^
15 error ../fsevents.cc:85:58: error: expected ';' after top level declarator
15 error void FSEvents::Initialize(v8::Handle<v8::Object> exports) {
15 error                                                          ^
15 error                                                          ;
15 error 30 warnings and 14 errors generated.
15 error make: *** [Release/obj.target/fse/fsevents.o] Error 1
15 error gyp ERR! build error
15 error gyp ERR! stack Error: `make` failed with exit code: 2
15 error gyp ERR! stack     at ChildProcess.onExit (/Users/ujwal/.nvm/versions/node/v12.3.1/lib/node_modules/npm/node_modules/node-gyp/lib/build.js:262:23)
15 error gyp ERR! stack     at ChildProcess.emit (events.js:200:13)
15 error gyp ERR! stack     at Process.ChildProcess._handle.onexit (internal/child_process.js:272:12)
15 error gyp ERR! System Darwin 18.2.0
15 error gyp ERR! command \"/Users/ujwal/.nvm/versions/node/v12.3.1/bin/node\" \"/Users/ujwal/.nvm/versions/node/v12.3.1/lib/node_modules/npm/node_modules/node-gyp/bin/node-gyp.js\" \"build\" \"--fallback-to-build\" \"--module=/Users/ujwal/Desktop/tron-tools/tronbox/node_modules/fsevents/lib/binding/Release/node-v72-darwin-x64/fse.node\" \"--module_name=fse\" \"--module_path=/Users/ujwal/Desktop/tron-tools/tronbox/node_modules/fsevents/lib/binding/Release/node-v72-darwin-x64\" \"--napi_version=4\" \"--node_abi_napi=napi\"
15 error gyp ERR! cwd /Users/ujwal/Desktop/tron-tools/tronbox/node_modules/fsevents
15 error gyp ERR! node -v v12.3.1
15 error gyp ERR! node-gyp -v v3.8.0
15 error gyp ERR! not ok
15 error node-pre-gyp ERR! build error
15 error node-pre-gyp ERR! stack Error: Failed to execute '/Users/ujwal/.nvm/versions/node/v12.3.1/bin/node /Users/ujwal/.nvm/versions/node/v12.3.1/lib/node_modules/npm/node_modules/node-gyp/bin/node-gyp.js build --fallback-to-build --module=/Users/ujwal/Desktop/tron-tools/tronbox/node_modules/fsevents/lib/binding/Release/node-v72-darwin-x64/fse.node --module_name=fse --module_path=/Users/ujwal/Desktop/tron-tools/tronbox/node_modules/fsevents/lib/binding/Release/node-v72-darwin-x64 --napi_version=4 --node_abi_napi=napi' (1)
15 error node-pre-gyp ERR! stack     at ChildProcess.<anonymous> (/Users/ujwal/Desktop/tron-tools/tronbox/node_modules/fsevents/node_modules/node-pre-gyp/lib/util/compile.js:83:29)
15 error node-pre-gyp ERR! stack     at ChildProcess.emit (events.js:200:13)
15 error node-pre-gyp ERR! stack     at maybeClose (internal/child_process.js:1021:16)
15 error node-pre-gyp ERR! stack     at Process.ChildProcess._handle.onexit (internal/child_process.js:283:5)
15 error node-pre-gyp ERR! System Darwin 18.2.0
15 error node-pre-gyp ERR! command \"/Users/ujwal/.nvm/versions/node/v12.3.1/bin/node\" \"/Users/ujwal/Desktop/tron-tools/tronbox/node_modules/fsevents/node_modules/node-pre-gyp/bin/node-pre-gyp\" \"install\" \"--fallback-to-build\"
15 error node-pre-gyp ERR! cwd /Users/ujwal/Desktop/tron-tools/tronbox/node_modules/fsevents
15 error node-pre-gyp ERR! node -v v12.3.1
15 error node-pre-gyp ERR! node-pre-gyp -v v0.10.0
15 error node-pre-gyp ERR! not ok
15 error Failed to execute '/Users/ujwal/.nvm/versions/node/v12.3.1/bin/node /Users/ujwal/.nvm/versions/node/v12.3.1/lib/node_modules/npm/node_modules/node-gyp/bin/node-gyp.js build --fallback-to-build --module=/Users/ujwal/Desktop/tron-tools/tronbox/node_modules/fsevents/lib/binding/Release/node-v72-darwin-x64/fse.node --module_name=fse --module_path=/Users/ujwal/Desktop/tron-tools/tronbox/node_modules/fsevents/lib/binding/Release/node-v72-darwin-x64 --napi_version=4 --node_abi_napi=napi' (1)"
15 error Process stalled
15 error Active handles:
15 error   - Socket
15 error   - Socket
15 error   - Socket
15 error   - Socket
15 error   - Socket
15 error   - ChildProcess
15 error   - Socket
15 error   - Socket
15 error   - ChildProcess
15 error [1/4] Resolving packages...
15 error [2/4] Fetching packages...
15 error [3/4] Linking dependencies...
15 error [4/4] Building fresh packages...
15 error info Visit https://yarnpkg.com/en/docs/cli/install for documentation about this command.
15 error info This module is OPTIONAL, you can safely ignore this error
15 error
15 error     at /Users/ujwal/Desktop/tron-tools/tronbox/node_modules/execa/index.js:236:11
